<?xml version="1.0" encoding="UTF-8"?>
<!-- Generated by org.testng.reporters.JUnitReportReporter -->
<testsuite hostname="DESKTOP-SU6DE8I" failures="0" tests="2" name="SeleniumPackage1.SeleniumProject1.Amazon_Registration" time="36.126" errors="0" timestamp="2024-11-03T14:08:28 EST" skipped="1">
  <testcase classname="SeleniumPackage1.SeleniumProject1.Amazon_Registration" name="createNewAmazon" time="17.739"/>
  <system-out/>
  <testcase classname="SeleniumPackage1.SeleniumProject1.Amazon_Registration" name="createNewAmazon" time="18.387">
    <skipped/>
  </testcase> <!-- createNewAmazon -->
  <system-out/>
</testsuite> <!-- SeleniumPackage1.SeleniumProject1.Amazon_Registration -->
