<?xml version="1.0" encoding="UTF-8"?>
<!-- Generated by org.testng.reporters.JUnitReportReporter -->
<testsuite hostname="DESKTOP-SU6DE8I" failures="0" tests="2" name="SeleniumPackage1.SeleniumProject1.amz_Login_incorrect_Cred" time="24.455" errors="0" timestamp="2024-11-21T20:24:13 EST" skipped="1">
  <testcase classname="SeleniumPackage1.SeleniumProject1.amz_Login_incorrect_Cred" name="loginToAmazon_incorrect_cred" time="11.234"/>
  <system-out>
    <![CDATA[testcase is passed]]>
  </system-out>
  <testcase classname="SeleniumPackage1.SeleniumProject1.amz_Login_incorrect_Cred" name="loginToAmazon_incorrect_cred" time="13.221">
    <skipped/>
  </testcase> <!-- loginToAmazon_incorrect_cred -->
  <system-out/>
</testsuite> <!-- SeleniumPackage1.SeleniumProject1.amz_Login_incorrect_Cred -->
