<?xml version="1.0" encoding="UTF-8"?>
<!-- Generated by org.testng.reporters.JUnitReportReporter -->
<testsuite hostname="DESKTOP-SU6DE8I" failures="0" tests="1" name="SeleniumPackage1.SeleniumProject1.Registration_to_Amazon" time="11.978" errors="0" timestamp="2024-09-30T13:48:16 EDT" skipped="0">
  <testcase classname="SeleniumPackage1.SeleniumProject1.Registration_to_Amazon" name="createNewAmazon" time="11.978"/>
</testsuite> <!-- SeleniumPackage1.SeleniumProject1.Registration_to_Amazon -->
