<?xml version="1.0" encoding="UTF-8"?>
<!-- Generated by org.testng.reporters.JUnitReportReporter -->
<testsuite hostname="DESKTOP-SU6DE8I" failures="0" tests="1" name="SeleniumPackage1.SeleniumProject1.Amazon_Edit" time="25.151" errors="0" timestamp="2024-11-22T18:09:34 EST" skipped="0">
  <testcase classname="SeleniumPackage1.SeleniumProject1.Amazon_Edit" name="EditProfile" time="25.151"/>
  <system-out/>
</testsuite> <!-- SeleniumPackage1.SeleniumProject1.Amazon_Edit -->
