<?xml version="1.0" encoding="UTF-8"?>
<!-- Generated by org.testng.reporters.JUnitReportReporter -->
<testsuite hostname="DESKTOP-SU6DE8I" failures="0" tests="1" name="SeleniumPackage1.SeleniumProject1.amz_Login" time="15.245" errors="0" timestamp="2024-10-05T15:04:29 EDT" skipped="0">
  <testcase classname="SeleniumPackage1.SeleniumProject1.amz_Login" name="loginToAmazon_correct_cred" time="15.245"/>
  <system-out/>
</testsuite> <!-- SeleniumPackage1.SeleniumProject1.amz_Login -->
