<?xml version="1.0" encoding="UTF-8"?>
<!-- Generated by org.testng.reporters.JUnitReportReporter -->
<testsuite hostname="DESKTOP-SU6DE8I" failures="0" tests="2" name="SeleniumPackage1.SeleniumProject1.EachPaymentmethod" time="40.440" errors="0" timestamp="2024-11-21T20:24:13 EST" skipped="1">
  <testcase classname="SeleniumPackage1.SeleniumProject1.EachPaymentmethod" name="eachpaymentmethods" time="14.113">
    <skipped/>
  </testcase> <!-- eachpaymentmethods -->
  <system-out/>
  <testcase classname="SeleniumPackage1.SeleniumProject1.EachPaymentmethod" name="eachpaymentmethods" time="26.327"/>
  <system-out>
    <![CDATA[testcase is passed]]>
  </system-out>
</testsuite> <!-- SeleniumPackage1.SeleniumProject1.EachPaymentmethod -->
