<?xml version="1.0" encoding="UTF-8"?>
<!-- Generated by org.testng.reporters.JUnitReportReporter -->
<testsuite hostname="DESKTOP-SU6DE8I" failures="0" tests="1" name="SeleniumPackage1.SeleniumProject1.Amazon_Review_items" time="18.769" errors="0" timestamp="2024-11-21T20:24:13 EST" skipped="0">
  <testcase classname="SeleniumPackage1.SeleniumProject1.Amazon_Review_items" name="review_itmes" time="18.769"/>
  <system-out>
    <![CDATA[testcase is passed]]>
  </system-out>
</testsuite> <!-- SeleniumPackage1.SeleniumProject1.Amazon_Review_items -->
