<?xml version="1.0" encoding="UTF-8"?>
<!-- Generated by org.testng.reporters.JUnitReportReporter -->
<testsuite hostname="DESKTOP-SU6DE8I" failures="0" tests="1" name="SeleniumPackage1.SeleniumProject1.Amazon_Registration" time="16.412" errors="0" timestamp="2024-10-05T15:06:38 EDT" skipped="0">
  <testcase classname="SeleniumPackage1.SeleniumProject1.Amazon_Registration" name="createNewAmazon" time="16.412"/>
  <system-out/>
</testsuite> <!-- SeleniumPackage1.SeleniumProject1.Amazon_Registration -->
