<?xml version="1.0" encoding="UTF-8"?>
<!-- Generated by org.testng.reporters.JUnitReportReporter -->
<testsuite hostname="DESKTOP-SU6DE8I" failures="0" tests="1" name="SeleniumPackage1.SeleniumProject1.EachPaymentmethod" time="21.602" errors="0" timestamp="2024-11-22T18:42:44 EST" skipped="0">
  <testcase classname="SeleniumPackage1.SeleniumProject1.EachPaymentmethod" name="eachpaymentmethods" time="21.602"/>
  <system-out>
    <![CDATA[testcase is passed]]>
  </system-out>
</testsuite> <!-- SeleniumPackage1.SeleniumProject1.EachPaymentmethod -->
